<?xml version="1.0" encoding="UTF-8"?>
<testsuite name="com.rlawns.springboot.web.domain.posts.PostsRepositoryTest" tests="2" skipped="0" failures="0" errors="0" timestamp="2022-01-25T07:31:12" hostname="DESKTOP-M2GBBRM" time="0.263">
  <properties/>
  <testcase name="PostSave_Loading" classname="com.rlawns.springboot.web.domain.posts.PostsRepositoryTest" time="0.245"/>
  <testcase name="BaseTimeEntity_등록" classname="com.rlawns.springboot.web.domain.posts.PostsRepositoryTest" time="0.017"/>
  <system-out><![CDATA[2022-01-25 16:31:07.040  INFO 7028 --- [    Test worker] .b.t.c.SpringBootTestContextBootstrapper : Neither @ContextConfiguration nor @ContextHierarchy found for test class [com.rlawns.springboot.web.domain.posts.PostsRepositoryTest], using SpringBootContextLoader
2022-01-25 16:31:07.042  INFO 7028 --- [    Test worker] o.s.t.c.support.AbstractContextLoader    : Could not detect default resource locations for test class [com.rlawns.springboot.web.domain.posts.PostsRepositoryTest]: no resource found for suffixes {-context.xml, Context.groovy}.
2022-01-25 16:31:07.042  INFO 7028 --- [    Test worker] t.c.s.AnnotationConfigContextLoaderUtils : Could not detect default configuration classes for test class [com.rlawns.springboot.web.domain.posts.PostsRepositoryTest]: PostsRepositoryTest does not declare any static, non-private, non-final, nested classes annotated with @Configuration.
2022-01-25 16:31:07.070  INFO 7028 --- [    Test worker] .b.t.c.SpringBootTestContextBootstrapper : Found @SpringBootConfiguration com.rlawns.springboot.Application for test class com.rlawns.springboot.web.domain.posts.PostsRepositoryTest
2022-01-25 16:31:07.074  INFO 7028 --- [    Test worker] .b.t.c.SpringBootTestContextBootstrapper : Loaded default TestExecutionListener class names from location [META-INF/spring.factories]: [org.springframework.security.test.context.support.WithSecurityContextTestExecutionListener, org.springframework.security.test.context.support.ReactorContextTestExecutionListener, org.springframework.boot.test.autoconfigure.restdocs.RestDocsTestExecutionListener, org.springframework.boot.test.autoconfigure.web.client.MockRestServiceServerResetTestExecutionListener, org.springframework.boot.test.autoconfigure.web.servlet.MockMvcPrintOnlyOnFailureTestExecutionListener, org.springframework.boot.test.autoconfigure.web.servlet.WebDriverTestExecutionListener, org.springframework.boot.test.mock.mockito.MockitoTestExecutionListener, org.springframework.boot.test.mock.mockito.ResetMocksTestExecutionListener, org.springframework.test.context.web.ServletTestExecutionListener, org.springframework.test.context.support.DirtiesContextBeforeModesTestExecutionListener, org.springframework.test.context.support.DependencyInjectionTestExecutionListener, org.springframework.test.context.support.DirtiesContextTestExecutionListener, org.springframework.test.context.transaction.TransactionalTestExecutionListener, org.springframework.test.context.jdbc.SqlScriptsTestExecutionListener]
2022-01-25 16:31:07.075  INFO 7028 --- [    Test worker] .b.t.c.SpringBootTestContextBootstrapper : Using TestExecutionListeners: [org.springframework.test.context.web.ServletTestExecutionListener@7347c08f, org.springframework.test.context.support.DirtiesContextBeforeModesTestExecutionListener@34c934a, org.springframework.boot.test.mock.mockito.MockitoTestExecutionListener@23127c9e, org.springframework.boot.test.autoconfigure.SpringBootDependencyInjectionTestExecutionListener@4e0c3034, org.springframework.test.context.support.DirtiesContextTestExecutionListener@382d2c2, org.springframework.test.context.transaction.TransactionalTestExecutionListener@6433c73b, org.springframework.test.context.jdbc.SqlScriptsTestExecutionListener@54f5b1af, org.springframework.security.test.context.support.WithSecurityContextTestExecutionListener@7bd7a695, org.springframework.security.test.context.support.ReactorContextTestExecutionListener@6ed66fef, org.springframework.boot.test.autoconfigure.restdocs.RestDocsTestExecutionListener@14266711, org.springframework.boot.test.autoconfigure.web.client.MockRestServiceServerResetTestExecutionListener@6da7d4f3, org.springframework.boot.test.autoconfigure.web.servlet.MockMvcPrintOnlyOnFailureTestExecutionListener@2b0224dc, org.springframework.boot.test.autoconfigure.web.servlet.WebDriverTestExecutionListener@76f68f44, org.springframework.boot.test.mock.mockito.ResetMocksTestExecutionListener@51cf6064]

  .   ____          _            __ _ _
 /\\ / ___'_ __ _ _(_)_ __  __ _ \ \ \ \
( ( )\___ | '_ | '_| | '_ \/ _` | \ \ \ \
 \\/  ___)| |_)| | | | | || (_| |  ) ) ) )
  '  |____| .__|_| |_|_| |_\__, | / / / /
 =========|_|==============|___/=/_/_/_/
 :: Spring Boot ::        (v2.1.7.RELEASE)

2022-01-25 16:31:07.116  INFO 7028 --- [    Test worker] c.r.s.w.d.posts.PostsRepositoryTest      : Starting PostsRepositoryTest on DESKTOP-M2GBBRM with PID 7028 (started by joon in C:\Users\joon\Desktop\springboot-webservice01)
2022-01-25 16:31:07.116  INFO 7028 --- [    Test worker] c.r.s.w.d.posts.PostsRepositoryTest      : No active profile set, falling back to default profiles: default
2022-01-25 16:31:07.646  INFO 7028 --- [    Test worker] .s.d.r.c.RepositoryConfigurationDelegate : Bootstrapping Spring Data repositories in DEFAULT mode.
2022-01-25 16:31:07.748  INFO 7028 --- [    Test worker] .s.d.r.c.RepositoryConfigurationDelegate : Finished Spring Data repository scanning in 90ms. Found 2 repository interfaces.
2022-01-25 16:31:08.083  INFO 7028 --- [    Test worker] trationDelegate$BeanPostProcessorChecker : Bean 'org.springframework.transaction.annotation.ProxyTransactionManagementConfiguration' of type [org.springframework.transaction.annotation.ProxyTransactionManagementConfiguration$$EnhancerBySpringCGLIB$$2408bec1] is not eligible for getting processed by all BeanPostProcessors (for example: not eligible for auto-proxying)
2022-01-25 16:31:08.302  INFO 7028 --- [    Test worker] com.zaxxer.hikari.HikariDataSource       : HikariPool-1 - Starting...
2022-01-25 16:31:08.554  INFO 7028 --- [    Test worker] com.zaxxer.hikari.HikariDataSource       : HikariPool-1 - Start completed.
2022-01-25 16:31:08.691  INFO 7028 --- [    Test worker] o.hibernate.jpa.internal.util.LogHelper  : HHH000204: Processing PersistenceUnitInfo [
	name: default
	...]
2022-01-25 16:31:08.818  INFO 7028 --- [    Test worker] org.hibernate.Version                    : HHH000412: Hibernate Core {5.3.10.Final}
2022-01-25 16:31:08.821  INFO 7028 --- [    Test worker] org.hibernate.cfg.Environment            : HHH000206: hibernate.properties not found
2022-01-25 16:31:08.916  INFO 7028 --- [    Test worker] o.hibernate.annotations.common.Version   : HCANN000001: Hibernate Commons Annotations {5.0.4.Final}
2022-01-25 16:31:09.224  INFO 7028 --- [    Test worker] org.hibernate.dialect.Dialect            : HHH000400: Using dialect: org.hibernate.dialect.MySQL5InnoDBDialect
Hibernate: drop table if exists posts
Hibernate: drop table if exists user
Hibernate: create table posts (id bigint not null auto_increment, created_date datetime, modified_date datetime, author varchar(255), content TEXT not null, title varchar(500) not null, primary key (id)) engine=InnoDB
Hibernate: create table user (id bigint not null auto_increment, created_date datetime, modified_date datetime, email varchar(255) not null, name varchar(255) not null, picture varchar(255), role varchar(255) not null, primary key (id)) engine=InnoDB
2022-01-25 16:31:10.069  INFO 7028 --- [    Test worker] o.h.t.schema.internal.SchemaCreatorImpl  : HHH000476: Executing import script 'org.hibernate.tool.schema.internal.exec.ScriptSourceInputNonExistentImpl@33724913'
2022-01-25 16:31:10.074  INFO 7028 --- [    Test worker] j.LocalContainerEntityManagerFactoryBean : Initialized JPA EntityManagerFactory for persistence unit 'default'
2022-01-25 16:31:10.750  INFO 7028 --- [    Test worker] o.h.h.i.QueryTranslatorFactoryInitiator  : HHH000397: Using ASTQueryTranslatorFactory
2022-01-25 16:31:11.276  INFO 7028 --- [    Test worker] o.s.s.web.DefaultSecurityFilterChain     : Creating filter chain: any request, [org.springframework.security.web.context.request.async.WebAsyncManagerIntegrationFilter@7e8c3b0b, org.springframework.security.web.context.SecurityContextPersistenceFilter@2a91f1f7, org.springframework.security.web.header.HeaderWriterFilter@53fa04ee, org.springframework.security.web.authentication.logout.LogoutFilter@72f29dbd, org.springframework.security.oauth2.client.web.OAuth2AuthorizationRequestRedirectFilter@5d640c90, org.springframework.security.oauth2.client.web.OAuth2LoginAuthenticationFilter@a8e3cef, org.springframework.security.web.authentication.ui.DefaultLoginPageGeneratingFilter@57c9c0fa, org.springframework.security.web.authentication.ui.DefaultLogoutPageGeneratingFilter@1bf41b67, org.springframework.security.web.savedrequest.RequestCacheAwareFilter@651a8106, org.springframework.security.web.servletapi.SecurityContextHolderAwareRequestFilter@6644343f, org.springframework.security.web.authentication.AnonymousAuthenticationFilter@70b5d01c, org.springframework.security.web.session.SessionManagementFilter@41de0c49, org.springframework.security.web.access.ExceptionTranslationFilter@2a4cb102, org.springframework.security.web.access.intercept.FilterSecurityInterceptor@7d4ee533]
2022-01-25 16:31:11.771  INFO 7028 --- [    Test worker] o.s.s.concurrent.ThreadPoolTaskExecutor  : Initializing ExecutorService 'applicationTaskExecutor'
2022-01-25 16:31:11.790  WARN 7028 --- [    Test worker] aWebConfiguration$JpaWebMvcConfiguration : spring.jpa.open-in-view is enabled by default. Therefore, database queries may be performed during view rendering. Explicitly configure spring.jpa.open-in-view to disable this warning
2022-01-25 16:31:11.832  INFO 7028 --- [    Test worker] o.s.b.a.w.s.WelcomePageHandlerMapping    : Adding welcome page template: index
2022-01-25 16:31:12.455  INFO 7028 --- [    Test worker] s.a.ScheduledAnnotationBeanPostProcessor : No TaskScheduler/ScheduledExecutorService bean found for scheduled processing
2022-01-25 16:31:12.465  INFO 7028 --- [    Test worker] c.r.s.w.d.posts.PostsRepositoryTest      : Started PostsRepositoryTest in 5.388 seconds (JVM running for 10.938)
Hibernate: insert into posts (created_date, modified_date, author, content, title) values (?, ?, ?, ?, ?)
Hibernate: select posts0_.id as id1_0_, posts0_.created_date as created_2_0_, posts0_.modified_date as modified3_0_, posts0_.author as author4_0_, posts0_.content as content5_0_, posts0_.title as title6_0_ from posts posts0_
Hibernate: select posts0_.id as id1_0_, posts0_.created_date as created_2_0_, posts0_.modified_date as modified3_0_, posts0_.author as author4_0_, posts0_.content as content5_0_, posts0_.title as title6_0_ from posts posts0_
Hibernate: delete from posts where id=?
Hibernate: insert into posts (created_date, modified_date, author, content, title) values (?, ?, ?, ?, ?)
Hibernate: select posts0_.id as id1_0_, posts0_.created_date as created_2_0_, posts0_.modified_date as modified3_0_, posts0_.author as author4_0_, posts0_.content as content5_0_, posts0_.title as title6_0_ from posts posts0_
>>>>>>>>> createDate=2022-01-25T16:31:12.720743, modifiedDate=2022-01-25T16:31:12.720743
Hibernate: select posts0_.id as id1_0_, posts0_.created_date as created_2_0_, posts0_.modified_date as modified3_0_, posts0_.author as author4_0_, posts0_.content as content5_0_, posts0_.title as title6_0_ from posts posts0_
Hibernate: delete from posts where id=?
]]></system-out>
  <system-err><![CDATA[]]></system-err>
</testsuite>
