<?xml version="1.0" encoding="UTF-8"?>
<testsuite name="com.rlawns.springboot.web.HelloControllerTest" tests="2" skipped="0" failures="0" errors="0" timestamp="2022-01-25T07:31:06" hostname="DESKTOP-M2GBBRM" time="0.634">
  <properties/>
  <testcase name="helloDto_isReturn" classname="com.rlawns.springboot.web.HelloControllerTest" time="0.624"/>
  <testcase name="hello_isReturn" classname="com.rlawns.springboot.web.HelloControllerTest" time="0.009"/>
  <system-out><![CDATA[16:31:02.513 [Test worker] DEBUG org.springframework.test.context.junit4.SpringJUnit4ClassRunner - SpringJUnit4ClassRunner constructor called with [class com.rlawns.springboot.web.HelloControllerTest]
16:31:02.526 [Test worker] DEBUG org.springframework.test.context.BootstrapUtils - Instantiating CacheAwareContextLoaderDelegate from class [org.springframework.test.context.cache.DefaultCacheAwareContextLoaderDelegate]
16:31:02.538 [Test worker] DEBUG org.springframework.test.context.BootstrapUtils - Instantiating BootstrapContext using constructor [public org.springframework.test.context.support.DefaultBootstrapContext(java.lang.Class,org.springframework.test.context.CacheAwareContextLoaderDelegate)]
16:31:02.558 [Test worker] DEBUG org.springframework.test.context.BootstrapUtils - Instantiating TestContextBootstrapper for test class [com.rlawns.springboot.web.HelloControllerTest] from class [org.springframework.boot.test.autoconfigure.web.servlet.WebMvcTestContextBootstrapper]
16:31:02.584 [Test worker] INFO org.springframework.boot.test.autoconfigure.web.servlet.WebMvcTestContextBootstrapper - Neither @ContextConfiguration nor @ContextHierarchy found for test class [com.rlawns.springboot.web.HelloControllerTest], using SpringBootContextLoader
16:31:02.589 [Test worker] DEBUG org.springframework.test.context.support.AbstractContextLoader - Did not detect default resource location for test class [com.rlawns.springboot.web.HelloControllerTest]: class path resource [com/rlawns/springboot/web/HelloControllerTest-context.xml] does not exist
16:31:02.590 [Test worker] DEBUG org.springframework.test.context.support.AbstractContextLoader - Did not detect default resource location for test class [com.rlawns.springboot.web.HelloControllerTest]: class path resource [com/rlawns/springboot/web/HelloControllerTestContext.groovy] does not exist
16:31:02.590 [Test worker] INFO org.springframework.test.context.support.AbstractContextLoader - Could not detect default resource locations for test class [com.rlawns.springboot.web.HelloControllerTest]: no resource found for suffixes {-context.xml, Context.groovy}.
16:31:02.591 [Test worker] INFO org.springframework.test.context.support.AnnotationConfigContextLoaderUtils - Could not detect default configuration classes for test class [com.rlawns.springboot.web.HelloControllerTest]: HelloControllerTest does not declare any static, non-private, non-final, nested classes annotated with @Configuration.
16:31:02.684 [Test worker] DEBUG org.springframework.test.context.support.ActiveProfilesUtils - Could not find an 'annotation declaring class' for annotation type [org.springframework.test.context.ActiveProfiles] and class [com.rlawns.springboot.web.HelloControllerTest]
16:31:02.788 [Test worker] DEBUG org.springframework.context.annotation.ClassPathScanningCandidateComponentProvider - Identified candidate component class: file [C:\Users\joon\Desktop\springboot-webservice01\build\classes\java\main\com\rlawns\springboot\Application.class]
16:31:02.789 [Test worker] INFO org.springframework.boot.test.context.SpringBootTestContextBootstrapper - Found @SpringBootConfiguration com.rlawns.springboot.Application for test class com.rlawns.springboot.web.HelloControllerTest
16:31:02.791 [Test worker] DEBUG org.springframework.boot.test.autoconfigure.web.servlet.WebMvcTestContextBootstrapper - @TestExecutionListeners is not present for class [com.rlawns.springboot.web.HelloControllerTest]: using defaults.
16:31:02.792 [Test worker] INFO org.springframework.boot.test.autoconfigure.web.servlet.WebMvcTestContextBootstrapper - Loaded default TestExecutionListener class names from location [META-INF/spring.factories]: [org.springframework.security.test.context.support.WithSecurityContextTestExecutionListener, org.springframework.security.test.context.support.ReactorContextTestExecutionListener, org.springframework.boot.test.autoconfigure.restdocs.RestDocsTestExecutionListener, org.springframework.boot.test.autoconfigure.web.client.MockRestServiceServerResetTestExecutionListener, org.springframework.boot.test.autoconfigure.web.servlet.MockMvcPrintOnlyOnFailureTestExecutionListener, org.springframework.boot.test.autoconfigure.web.servlet.WebDriverTestExecutionListener, org.springframework.boot.test.mock.mockito.MockitoTestExecutionListener, org.springframework.boot.test.mock.mockito.ResetMocksTestExecutionListener, org.springframework.test.context.web.ServletTestExecutionListener, org.springframework.test.context.support.DirtiesContextBeforeModesTestExecutionListener, org.springframework.test.context.support.DependencyInjectionTestExecutionListener, org.springframework.test.context.support.DirtiesContextTestExecutionListener, org.springframework.test.context.transaction.TransactionalTestExecutionListener, org.springframework.test.context.jdbc.SqlScriptsTestExecutionListener]
16:31:02.824 [Test worker] INFO org.springframework.boot.test.autoconfigure.web.servlet.WebMvcTestContextBootstrapper - Using TestExecutionListeners: [org.springframework.test.context.web.ServletTestExecutionListener@656e3612, org.springframework.test.context.support.DirtiesContextBeforeModesTestExecutionListener@75d76d2d, org.springframework.boot.test.mock.mockito.MockitoTestExecutionListener@60368a0a, org.springframework.boot.test.autoconfigure.SpringBootDependencyInjectionTestExecutionListener@1288c426, org.springframework.test.context.support.DirtiesContextTestExecutionListener@642aec3, org.springframework.test.context.transaction.TransactionalTestExecutionListener@48320523, org.springframework.test.context.jdbc.SqlScriptsTestExecutionListener@1c80b0f5, org.springframework.security.test.context.support.WithSecurityContextTestExecutionListener@48fdfeb7, org.springframework.security.test.context.support.ReactorContextTestExecutionListener@5b5a75dd, org.springframework.boot.test.autoconfigure.restdocs.RestDocsTestExecutionListener@3996888, org.springframework.boot.test.autoconfigure.web.client.MockRestServiceServerResetTestExecutionListener@1a077716, org.springframework.boot.test.autoconfigure.web.servlet.MockMvcPrintOnlyOnFailureTestExecutionListener@3da82aa7, org.springframework.boot.test.autoconfigure.web.servlet.WebDriverTestExecutionListener@35544452, org.springframework.boot.test.mock.mockito.ResetMocksTestExecutionListener@7d41b758]
16:31:02.828 [Test worker] DEBUG org.springframework.test.annotation.ProfileValueUtils - Retrieved @ProfileValueSourceConfiguration [null] for test class [com.rlawns.springboot.web.HelloControllerTest]
16:31:02.829 [Test worker] DEBUG org.springframework.test.annotation.ProfileValueUtils - Retrieved ProfileValueSource type [class org.springframework.test.annotation.SystemProfileValueSource] for class [com.rlawns.springboot.web.HelloControllerTest]
16:31:02.831 [Test worker] DEBUG org.springframework.test.annotation.ProfileValueUtils - Retrieved @ProfileValueSourceConfiguration [null] for test class [com.rlawns.springboot.web.HelloControllerTest]
16:31:02.831 [Test worker] DEBUG org.springframework.test.annotation.ProfileValueUtils - Retrieved ProfileValueSource type [class org.springframework.test.annotation.SystemProfileValueSource] for class [com.rlawns.springboot.web.HelloControllerTest]
16:31:02.839 [Test worker] DEBUG org.springframework.test.context.support.AbstractDirtiesContextTestExecutionListener - Before test class: context [DefaultTestContext@4eb062d3 testClass = HelloControllerTest, testInstance = [null], testMethod = [null], testException = [null], mergedContextConfiguration = [WebMergedContextConfiguration@780d3917 testClass = HelloControllerTest, locations = '{}', classes = '{class com.rlawns.springboot.Application}', contextInitializerClasses = '[]', activeProfiles = '{}', propertySourceLocations = '{}', propertySourceProperties = '{org.springframework.boot.test.autoconfigure.web.servlet.WebMvcTestContextBootstrapper=true}', contextCustomizers = set[org.springframework.boot.test.autoconfigure.OverrideAutoConfigurationContextCustomizerFactory$DisableAutoConfigurationContextCustomizer@3d9307c1, org.springframework.boot.test.autoconfigure.filter.TypeExcludeFiltersContextCustomizer@91f3f255, org.springframework.boot.test.autoconfigure.properties.PropertyMappingContextCustomizer@d644bf31, org.springframework.boot.test.autoconfigure.web.servlet.WebDriverContextCustomizerFactory$Customizer@4cda96e0, [ImportsContextCustomizer@13398b26 key = [org.springframework.boot.autoconfigure.cache.CacheAutoConfiguration, org.springframework.boot.autoconfigure.context.MessageSourceAutoConfiguration, org.springframework.boot.autoconfigure.data.web.SpringDataWebAutoConfiguration, org.springframework.boot.autoconfigure.freemarker.FreeMarkerAutoConfiguration, org.springframework.boot.autoconfigure.groovy.template.GroovyTemplateAutoConfiguration, org.springframework.boot.autoconfigure.gson.GsonAutoConfiguration, org.springframework.boot.autoconfigure.hateoas.HypermediaAutoConfiguration, org.springframework.boot.autoconfigure.http.HttpMessageConvertersAutoConfiguration, org.springframework.boot.autoconfigure.jackson.JacksonAutoConfiguration, org.springframework.boot.autoconfigure.jsonb.JsonbAutoConfiguration, org.springframework.boot.autoconfigure.mustache.MustacheAutoConfiguration, org.springframework.boot.autoconfigure.task.TaskExecutionAutoConfiguration, org.springframework.boot.autoconfigure.thymeleaf.ThymeleafAutoConfiguration, org.springframework.boot.autoconfigure.validation.ValidationAutoConfiguration, org.springframework.boot.autoconfigure.web.servlet.error.ErrorMvcAutoConfiguration, org.springframework.boot.autoconfigure.web.servlet.WebMvcAutoConfiguration, org.springframework.boot.test.autoconfigure.web.servlet.MockMvcAutoConfiguration, org.springframework.boot.test.autoconfigure.web.servlet.MockMvcSecurityAutoConfiguration, org.springframework.boot.test.autoconfigure.web.servlet.MockMvcWebClientAutoConfiguration, org.springframework.boot.test.autoconfigure.web.servlet.MockMvcWebDriverAutoConfiguration]], org.springframework.boot.test.context.filter.ExcludeFilterContextCustomizer@458098aa, org.springframework.boot.test.json.DuplicateJsonObjectContextCustomizerFactory$DuplicateJsonObjectContextCustomizer@772a498, org.springframework.boot.test.mock.mockito.MockitoContextCustomizer@0], resourceBasePath = 'src/main/webapp', contextLoader = 'org.springframework.boot.test.context.SpringBootContextLoader', parent = [null]], attributes = map[[empty]]], class annotated with @DirtiesContext [false] with mode [null].
16:31:02.840 [Test worker] DEBUG org.springframework.test.annotation.ProfileValueUtils - Retrieved @ProfileValueSourceConfiguration [null] for test class [com.rlawns.springboot.web.HelloControllerTest]
16:31:02.840 [Test worker] DEBUG org.springframework.test.annotation.ProfileValueUtils - Retrieved ProfileValueSource type [class org.springframework.test.annotation.SystemProfileValueSource] for class [com.rlawns.springboot.web.HelloControllerTest]
16:31:02.846 [Test worker] DEBUG org.springframework.test.context.support.DependencyInjectionTestExecutionListener - Performing dependency injection for test context [[DefaultTestContext@4eb062d3 testClass = HelloControllerTest, testInstance = com.rlawns.springboot.web.HelloControllerTest@2b106b5f, testMethod = [null], testException = [null], mergedContextConfiguration = [WebMergedContextConfiguration@780d3917 testClass = HelloControllerTest, locations = '{}', classes = '{class com.rlawns.springboot.Application}', contextInitializerClasses = '[]', activeProfiles = '{}', propertySourceLocations = '{}', propertySourceProperties = '{org.springframework.boot.test.autoconfigure.web.servlet.WebMvcTestContextBootstrapper=true}', contextCustomizers = set[org.springframework.boot.test.autoconfigure.OverrideAutoConfigurationContextCustomizerFactory$DisableAutoConfigurationContextCustomizer@3d9307c1, org.springframework.boot.test.autoconfigure.filter.TypeExcludeFiltersContextCustomizer@91f3f255, org.springframework.boot.test.autoconfigure.properties.PropertyMappingContextCustomizer@d644bf31, org.springframework.boot.test.autoconfigure.web.servlet.WebDriverContextCustomizerFactory$Customizer@4cda96e0, [ImportsContextCustomizer@13398b26 key = [org.springframework.boot.autoconfigure.cache.CacheAutoConfiguration, org.springframework.boot.autoconfigure.context.MessageSourceAutoConfiguration, org.springframework.boot.autoconfigure.data.web.SpringDataWebAutoConfiguration, org.springframework.boot.autoconfigure.freemarker.FreeMarkerAutoConfiguration, org.springframework.boot.autoconfigure.groovy.template.GroovyTemplateAutoConfiguration, org.springframework.boot.autoconfigure.gson.GsonAutoConfiguration, org.springframework.boot.autoconfigure.hateoas.HypermediaAutoConfiguration, org.springframework.boot.autoconfigure.http.HttpMessageConvertersAutoConfiguration, org.springframework.boot.autoconfigure.jackson.JacksonAutoConfiguration, org.springframework.boot.autoconfigure.jsonb.JsonbAutoConfiguration, org.springframework.boot.autoconfigure.mustache.MustacheAutoConfiguration, org.springframework.boot.autoconfigure.task.TaskExecutionAutoConfiguration, org.springframework.boot.autoconfigure.thymeleaf.ThymeleafAutoConfiguration, org.springframework.boot.autoconfigure.validation.ValidationAutoConfiguration, org.springframework.boot.autoconfigure.web.servlet.error.ErrorMvcAutoConfiguration, org.springframework.boot.autoconfigure.web.servlet.WebMvcAutoConfiguration, org.springframework.boot.test.autoconfigure.web.servlet.MockMvcAutoConfiguration, org.springframework.boot.test.autoconfigure.web.servlet.MockMvcSecurityAutoConfiguration, org.springframework.boot.test.autoconfigure.web.servlet.MockMvcWebClientAutoConfiguration, org.springframework.boot.test.autoconfigure.web.servlet.MockMvcWebDriverAutoConfiguration]], org.springframework.boot.test.context.filter.ExcludeFilterContextCustomizer@458098aa, org.springframework.boot.test.json.DuplicateJsonObjectContextCustomizerFactory$DuplicateJsonObjectContextCustomizer@772a498, org.springframework.boot.test.mock.mockito.MockitoContextCustomizer@0], resourceBasePath = 'src/main/webapp', contextLoader = 'org.springframework.boot.test.context.SpringBootContextLoader', parent = [null]], attributes = map[[empty]]]].
16:31:03.012 [Test worker] DEBUG org.springframework.test.context.support.TestPropertySourceUtils - Adding inlined properties to environment: {spring.jmx.enabled=false, org.springframework.boot.test.autoconfigure.web.servlet.WebMvcTestContextBootstrapper=true, server.port=-1}

  .   ____          _            __ _ _
 /\\ / ___'_ __ _ _(_)_ __  __ _ \ \ \ \
( ( )\___ | '_ | '_| | '_ \/ _` | \ \ \ \
 \\/  ___)| |_)| | | | | || (_| |  ) ) ) )
  '  |____| .__|_| |_|_| |_\__, | / / / /
 =========|_|==============|___/=/_/_/_/
 :: Spring Boot ::        (v2.1.7.RELEASE)

2022-01-25 16:31:03.444  INFO 7028 --- [    Test worker] c.r.springboot.web.HelloControllerTest   : Starting HelloControllerTest on DESKTOP-M2GBBRM with PID 7028 (started by joon in C:\Users\joon\Desktop\springboot-webservice01)
2022-01-25 16:31:03.447  INFO 7028 --- [    Test worker] c.r.springboot.web.HelloControllerTest   : No active profile set, falling back to default profiles: default
2022-01-25 16:31:05.339  INFO 7028 --- [    Test worker] o.s.s.concurrent.ThreadPoolTaskExecutor  : Initializing ExecutorService 'applicationTaskExecutor'
2022-01-25 16:31:05.478  INFO 7028 --- [    Test worker] o.s.b.a.w.s.WelcomePageHandlerMapping    : Adding welcome page template: index
2022-01-25 16:31:05.923  INFO 7028 --- [    Test worker] .s.s.UserDetailsServiceAutoConfiguration : 

Using generated security password: 9b075d95-18fc-414a-b33b-b302c97515ce

2022-01-25 16:31:06.241  INFO 7028 --- [    Test worker] o.s.s.web.DefaultSecurityFilterChain     : Creating filter chain: any request, [org.springframework.security.web.context.request.async.WebAsyncManagerIntegrationFilter@302eee2b, org.springframework.security.web.context.SecurityContextPersistenceFilter@7305ac18, org.springframework.security.web.header.HeaderWriterFilter@2784504, org.springframework.security.web.csrf.CsrfFilter@5da2cc77, org.springframework.security.web.authentication.logout.LogoutFilter@4ea254c3, org.springframework.security.web.authentication.UsernamePasswordAuthenticationFilter@9cb2250, org.springframework.security.web.authentication.ui.DefaultLoginPageGeneratingFilter@3b903f99, org.springframework.security.web.authentication.ui.DefaultLogoutPageGeneratingFilter@7077bdba, org.springframework.security.web.authentication.www.BasicAuthenticationFilter@2ca177a8, org.springframework.security.web.savedrequest.RequestCacheAwareFilter@2d5a6013, org.springframework.security.web.servletapi.SecurityContextHolderAwareRequestFilter@8e49124, org.springframework.security.web.authentication.AnonymousAuthenticationFilter@4e0b018c, org.springframework.security.web.session.SessionManagementFilter@148b62a7, org.springframework.security.web.access.ExceptionTranslationFilter@1ed6c338, org.springframework.security.web.access.intercept.FilterSecurityInterceptor@34420ac0]
2022-01-25 16:31:06.308  INFO 7028 --- [    Test worker] o.s.b.t.m.w.SpringBootMockServletContext : Initializing Spring TestDispatcherServlet ''
2022-01-25 16:31:06.308  INFO 7028 --- [    Test worker] o.s.t.web.servlet.TestDispatcherServlet  : Initializing Servlet ''
2022-01-25 16:31:06.326  INFO 7028 --- [    Test worker] o.s.t.web.servlet.TestDispatcherServlet  : Completed initialization in 18 ms
2022-01-25 16:31:06.389  INFO 7028 --- [    Test worker] c.r.springboot.web.HelloControllerTest   : Started HelloControllerTest in 3.36 seconds (JVM running for 4.862)
]]></system-out>
  <system-err><![CDATA[]]></system-err>
</testsuite>
