<?xml version="1.0" encoding="UTF-8"?>
<testsuite name="com.rlawns.springboot.web.dto.HelloResponseDtoTest" tests="1" skipped="0" failures="0" errors="0" timestamp="2022-01-25T07:31:12" hostname="DESKTOP-M2GBBRM" time="0.004">
  <properties/>
  <testcase name="Lombok_working_Test" classname="com.rlawns.springboot.web.dto.HelloResponseDtoTest" time="0.004"/>
  <system-out><![CDATA[]]></system-out>
  <system-err><![CDATA[]]></system-err>
</testsuite>
