<?xml version="1.0" encoding="UTF-8"?>
<testsuite name="com.rlawns.springboot.web.PostsApiControllerTest" tests="2" skipped="0" failures="0" errors="0" timestamp="2022-01-25T07:31:15" hostname="DESKTOP-M2GBBRM" time="0.119">
  <properties/>
  <testcase name="Posts_isUpdate" classname="com.rlawns.springboot.web.PostsApiControllerTest" time="0.1"/>
  <testcase name="Posts_isRegister" classname="com.rlawns.springboot.web.PostsApiControllerTest" time="0.018"/>
  <system-out><![CDATA[2022-01-25 16:31:15.720  INFO 7028 --- [    Test worker] .b.t.c.SpringBootTestContextBootstrapper : Neither @ContextConfiguration nor @ContextHierarchy found for test class [com.rlawns.springboot.web.PostsApiControllerTest], using SpringBootContextLoader
2022-01-25 16:31:15.721  INFO 7028 --- [    Test worker] o.s.t.c.support.AbstractContextLoader    : Could not detect default resource locations for test class [com.rlawns.springboot.web.PostsApiControllerTest]: no resource found for suffixes {-context.xml, Context.groovy}.
2022-01-25 16:31:15.721  INFO 7028 --- [    Test worker] t.c.s.AnnotationConfigContextLoaderUtils : Could not detect default configuration classes for test class [com.rlawns.springboot.web.PostsApiControllerTest]: PostsApiControllerTest does not declare any static, non-private, non-final, nested classes annotated with @Configuration.
2022-01-25 16:31:15.723  INFO 7028 --- [    Test worker] .b.t.c.SpringBootTestContextBootstrapper : Found @SpringBootConfiguration com.rlawns.springboot.Application for test class com.rlawns.springboot.web.PostsApiControllerTest
2022-01-25 16:31:15.725  INFO 7028 --- [    Test worker] .b.t.c.SpringBootTestContextBootstrapper : Loaded default TestExecutionListener class names from location [META-INF/spring.factories]: [org.springframework.security.test.context.support.WithSecurityContextTestExecutionListener, org.springframework.security.test.context.support.ReactorContextTestExecutionListener, org.springframework.boot.test.autoconfigure.restdocs.RestDocsTestExecutionListener, org.springframework.boot.test.autoconfigure.web.client.MockRestServiceServerResetTestExecutionListener, org.springframework.boot.test.autoconfigure.web.servlet.MockMvcPrintOnlyOnFailureTestExecutionListener, org.springframework.boot.test.autoconfigure.web.servlet.WebDriverTestExecutionListener, org.springframework.boot.test.mock.mockito.MockitoTestExecutionListener, org.springframework.boot.test.mock.mockito.ResetMocksTestExecutionListener, org.springframework.test.context.web.ServletTestExecutionListener, org.springframework.test.context.support.DirtiesContextBeforeModesTestExecutionListener, org.springframework.test.context.support.DependencyInjectionTestExecutionListener, org.springframework.test.context.support.DirtiesContextTestExecutionListener, org.springframework.test.context.transaction.TransactionalTestExecutionListener, org.springframework.test.context.jdbc.SqlScriptsTestExecutionListener]
2022-01-25 16:31:15.726  INFO 7028 --- [    Test worker] .b.t.c.SpringBootTestContextBootstrapper : Using TestExecutionListeners: [org.springframework.test.context.web.ServletTestExecutionListener@1de3da, org.springframework.test.context.support.DirtiesContextBeforeModesTestExecutionListener@71919b7c, org.springframework.boot.test.mock.mockito.MockitoTestExecutionListener@7157f7dd, org.springframework.boot.test.autoconfigure.SpringBootDependencyInjectionTestExecutionListener@50513881, org.springframework.test.context.support.DirtiesContextTestExecutionListener@3fbd0262, org.springframework.test.context.transaction.TransactionalTestExecutionListener@428a2492, org.springframework.test.context.jdbc.SqlScriptsTestExecutionListener@c2dca01, org.springframework.security.test.context.support.WithSecurityContextTestExecutionListener@55617e35, org.springframework.security.test.context.support.ReactorContextTestExecutionListener@298c8e9, org.springframework.boot.test.autoconfigure.restdocs.RestDocsTestExecutionListener@11a5d29c, org.springframework.boot.test.autoconfigure.web.client.MockRestServiceServerResetTestExecutionListener@733a7f6b, org.springframework.boot.test.autoconfigure.web.servlet.MockMvcPrintOnlyOnFailureTestExecutionListener@2df437ef, org.springframework.boot.test.autoconfigure.web.servlet.WebDriverTestExecutionListener@69ef6d38, org.springframework.boot.test.mock.mockito.ResetMocksTestExecutionListener@566173ab]
2022-01-25 16:31:15.735  INFO 7028 --- [    Test worker] o.a.c.c.C.[Tomcat].[localhost].[/]       : Initializing Spring TestDispatcherServlet ''
2022-01-25 16:31:15.735  INFO 7028 --- [    Test worker] o.s.t.web.servlet.TestDispatcherServlet  : Initializing Servlet ''
2022-01-25 16:31:15.738  INFO 7028 --- [    Test worker] o.s.t.web.servlet.TestDispatcherServlet  : Completed initialization in 3 ms
Hibernate: insert into posts (created_date, modified_date, author, content, title) values (?, ?, ?, ?, ?)
Hibernate: select posts0_.id as id1_0_0_, posts0_.created_date as created_2_0_0_, posts0_.modified_date as modified3_0_0_, posts0_.author as author4_0_0_, posts0_.content as content5_0_0_, posts0_.title as title6_0_0_ from posts posts0_ where posts0_.id=?
Hibernate: update posts set created_date=?, modified_date=?, author=?, content=?, title=? where id=?
Hibernate: select posts0_.id as id1_0_, posts0_.created_date as created_2_0_, posts0_.modified_date as modified3_0_, posts0_.author as author4_0_, posts0_.content as content5_0_, posts0_.title as title6_0_ from posts posts0_
Hibernate: select posts0_.id as id1_0_, posts0_.created_date as created_2_0_, posts0_.modified_date as modified3_0_, posts0_.author as author4_0_, posts0_.content as content5_0_, posts0_.title as title6_0_ from posts posts0_
Hibernate: delete from posts where id=?
2022-01-25 16:31:15.833  INFO 7028 --- [    Test worker] o.a.c.c.C.[Tomcat].[localhost].[/]       : Initializing Spring TestDispatcherServlet ''
2022-01-25 16:31:15.834  INFO 7028 --- [    Test worker] o.s.t.web.servlet.TestDispatcherServlet  : Initializing Servlet ''
2022-01-25 16:31:15.836  INFO 7028 --- [    Test worker] o.s.t.web.servlet.TestDispatcherServlet  : Completed initialization in 2 ms
Hibernate: insert into posts (created_date, modified_date, author, content, title) values (?, ?, ?, ?, ?)
Hibernate: select posts0_.id as id1_0_, posts0_.created_date as created_2_0_, posts0_.modified_date as modified3_0_, posts0_.author as author4_0_, posts0_.content as content5_0_, posts0_.title as title6_0_ from posts posts0_
Hibernate: select posts0_.id as id1_0_, posts0_.created_date as created_2_0_, posts0_.modified_date as modified3_0_, posts0_.author as author4_0_, posts0_.content as content5_0_, posts0_.title as title6_0_ from posts posts0_
Hibernate: delete from posts where id=?
]]></system-out>
  <system-err><![CDATA[]]></system-err>
</testsuite>
